<?xml version="1.0" encoding="UTF-8"?>
<!-- Generated by org.testng.reporters.JUnitReportReporter -->
<testsuite hostname="DESKTOP-E3RVSEF" failures="0" tests="1" name="practice.Createusertest" time="3.466" errors="0" timestamp="2023-06-30T17:21:21 IST" skipped="0">
  <testcase classname="practice.Createusertest" name="CreateUser" time="3.466"/>
  <system-out/>
</testsuite> <!-- practice.Createusertest -->
